1593616707024	mozrunner::runner	INFO	Running command: "C:\\Program Files (x86)\\Mozilla Firefox\\firefox.exe" "-marionette" "-foreground" "-no-remote" "-profile" "C:\\Users\\jeuxx\\AppData\\Local\\Temp\\rust_mozprofilelRbmXT"
JavaScript error: resource://gre/modules/XULStore.jsm, line 66: Error: Can't find profile directory.
1593616709358	Marionette	INFO	Listening on port 61241
1593616709645	Marionette	WARN	TLS certificate errors will be ignored for this session
1593616709691	Marionette	INFO	Stopped listening on port 61241
console.warn: services.settings: main/fxmonitor-breaches sync interrupted by shutdown

###!!! [Child][RunMessage] Error: Channel closing: too late to send/recv, messages will be lost


###!!! [Child][MessageChannel::SendAndWait] Error: Channel error: cannot send/recv

1593616795466	mozrunner::runner	INFO	Running command: "C:\\Program Files (x86)\\Mozilla Firefox\\firefox.exe" "-marionette" "-foreground" "-no-remote" "-profile" "C:\\Users\\jeuxx\\AppData\\Local\\Temp\\rust_mozprofileaiGULJ"
JavaScript error: resource://gre/modules/XULStore.jsm, line 66: Error: Can't find profile directory.
1593616797794	Marionette	INFO	Listening on port 61281
1593616798077	Marionette	WARN	TLS certificate errors will be ignored for this session
1593616798128	Marionette	INFO	Stopped listening on port 61281

###!!! [Child][RunMessage] Error: Channel closing: too late to send/recv, messages will be lost


###!!! [Child][MessageChannel::SendAndWait] Error: Channel error: cannot send/recv

1593867690754	mozrunner::runner	INFO	Running command: "C:\\Program Files (x86)\\Mozilla Firefox\\firefox.exe" "-marionette" "-foreground" "-no-remote" "-profile" "C:\\Users\\jeuxx\\AppData\\Local\\Temp\\rust_mozprofileLtKJqA"
JavaScript error: resource://gre/modules/XULStore.jsm, line 66: Error: Can't find profile directory.
1593867693357	Marionette	INFO	Listening on port 51610
1593867693368	Marionette	WARN	TLS certificate errors will be ignored for this session
1593867693434	Marionette	INFO	Stopped listening on port 51610
console.error: Region.jsm: "Failed to fetch region" (new TypeError("NetworkError when attempting to fetch resource.", ""))
console.error: services.settings: 
  main/cfr-fxa Signature failed  TypeError: NetworkError when attempting to fetch resource.
console.error: services.settings: 
  main/messaging-experiments Signature failed  TypeError: NetworkError when attempting to fetch resource.

###!!! [Child][RunMessage] Error: Channel closing: too late to send/recv, messages will be lost


###!!! [Child][MessageChannel::SendAndWait] Error: Channel error: cannot send/recv

1593867913649	mozrunner::runner	INFO	Running command: "C:\\Program Files (x86)\\Mozilla Firefox\\firefox.exe" "-marionette" "-foreground" "-no-remote" "-profile" "C:\\Users\\jeuxx\\AppData\\Local\\Temp\\rust_mozprofilegH3o5C"
JavaScript error: resource://gre/modules/XULStore.jsm, line 66: Error: Can't find profile directory.
1593867916008	Marionette	INFO	Listening on port 51701
1593867916264	Marionette	WARN	TLS certificate errors will be ignored for this session
1593867916312	Marionette	INFO	Stopped listening on port 51701
console.error: Region.jsm: "Failed to fetch region" (new TypeError("NetworkError when attempting to fetch resource.", ""))
console.error: services.settings: 
  main/fxmonitor-breaches Signature failed  TypeError: NetworkError when attempting to fetch resource.

###!!! [Child][RunMessage] Error: Channel closing: too late to send/recv, messages will be lost


###!!! [Child][MessageChannel::SendAndWait] Error: Channel error: cannot send/recv

1593867961913	mozrunner::runner	INFO	Running command: "C:\\Program Files (x86)\\Mozilla Firefox\\firefox.exe" "-marionette" "-foreground" "-no-remote" "-profile" "C:\\Users\\jeuxx\\AppData\\Local\\Temp\\rust_mozprofilel6swU6"
JavaScript error: resource://gre/modules/XULStore.jsm, line 66: Error: Can't find profile directory.
1593867964176	Marionette	INFO	Listening on port 51744
1593867964529	Marionette	WARN	TLS certificate errors will be ignored for this session
1593867964668	Marionette	INFO	Stopped listening on port 51744
console.warn: services.settings: main/cfr sync interrupted by shutdown

###!!! [Child][RunMessage] Error: Channel closing: too late to send/recv, messages will be lost


###!!! [Child][MessageChannel::SendAndWait] Error: Channel error: cannot send/recv

1593868034973	mozrunner::runner	INFO	Running command: "C:\\Program Files (x86)\\Mozilla Firefox\\firefox.exe" "-marionette" "-foreground" "-no-remote" "-profile" "C:\\Users\\jeuxx\\AppData\\Local\\Temp\\rust_mozprofilevL6QDm"
JavaScript error: resource://gre/modules/XULStore.jsm, line 66: Error: Can't find profile directory.
1593868037149	Marionette	INFO	Listening on port 51837
1593868037594	Marionette	WARN	TLS certificate errors will be ignored for this session
1593868048307	Marionette	INFO	Stopped listening on port 51837

###!!! [Child][RunMessage] Error: Channel closing: too late to send/recv, messages will be lost


###!!! [Child][MessageChannel::SendAndWait] Error: Channel error: cannot send/recv

1593868060157	mozrunner::runner	INFO	Running command: "C:\\Program Files (x86)\\Mozilla Firefox\\firefox.exe" "-marionette" "-foreground" "-no-remote" "-profile" "C:\\Users\\jeuxx\\AppData\\Local\\Temp\\rust_mozprofileXvEKsO"
JavaScript error: resource://gre/modules/XULStore.jsm, line 66: Error: Can't find profile directory.
1593868062319	Marionette	INFO	Listening on port 51887
1593868062777	Marionette	WARN	TLS certificate errors will be ignored for this session
1593868073529	Marionette	INFO	Stopped listening on port 51887

###!!! [Child][RunMessage] Error: Channel closing: too late to send/recv, messages will be lost


###!!! [Child][MessageChannel::SendAndWait] Error: Channel error: cannot send/recv

1593868106381	mozrunner::runner	INFO	Running command: "C:\\Program Files (x86)\\Mozilla Firefox\\firefox.exe" "-marionette" "-foreground" "-no-remote" "-profile" "C:\\Users\\jeuxx\\AppData\\Local\\Temp\\rust_mozprofile9l0ure"
JavaScript error: resource://gre/modules/XULStore.jsm, line 66: Error: Can't find profile directory.
1593868109316	Marionette	INFO	Listening on port 51935
1593868109506	Marionette	WARN	TLS certificate errors will be ignored for this session
JavaScript error: chrome://marionette/content/proxy.js, line 287: NS_ERROR_NOT_INITIALIZED
1593868120347	Marionette	INFO	Stopped listening on port 51935

###!!! [Child][RunMessage] Error: Channel closing: too late to send/recv, messages will be lost


###!!! [Child][MessageChannel::SendAndWait] Error: Channel error: cannot send/recv

1593868146432	mozrunner::runner	INFO	Running command: "C:\\Program Files (x86)\\Mozilla Firefox\\firefox.exe" "-marionette" "-foreground" "-no-remote" "-profile" "C:\\Users\\jeuxx\\AppData\\Local\\Temp\\rust_mozprofilewZe1B8"
JavaScript error: resource://gre/modules/XULStore.jsm, line 66: Error: Can't find profile directory.
1593868148673	Marionette	INFO	Listening on port 51986
1593868149047	Marionette	WARN	TLS certificate errors will be ignored for this session
1593868159741	Marionette	INFO	Stopped listening on port 51986

###!!! [Child][RunMessage] Error: Channel closing: too late to send/recv, messages will be lost


###!!! [Child][MessageChannel::SendAndWait] Error: Channel error: cannot send/recv

1593868537848	mozrunner::runner	INFO	Running command: "C:\\Program Files (x86)\\Mozilla Firefox\\firefox.exe" "-marionette" "-foreground" "-no-remote" "-profile" "C:\\Users\\jeuxx\\AppData\\Local\\Temp\\rust_mozprofilev62FKw"
JavaScript error: resource://gre/modules/XULStore.jsm, line 66: Error: Can't find profile directory.
1593868540373	Marionette	INFO	Listening on port 52067
1593868540465	Marionette	WARN	TLS certificate errors will be ignored for this session
JavaScript error: chrome://marionette/content/proxy.js, line 287: NS_ERROR_NOT_INITIALIZED
1593868550990	Marionette	INFO	Stopped listening on port 52067

###!!! [Child][RunMessage] Error: Channel closing: too late to send/recv, messages will be lost


###!!! [Child][MessageChannel::SendAndWait] Error: Channel error: cannot send/recv

1593868741687	mozrunner::runner	INFO	Running command: "C:\\Program Files (x86)\\Mozilla Firefox\\firefox.exe" "-marionette" "-foreground" "-no-remote" "-profile" "C:\\Users\\jeuxx\\AppData\\Local\\Temp\\rust_mozprofileEUE85M"
JavaScript error: resource://gre/modules/XULStore.jsm, line 66: Error: Can't find profile directory.
1593868743990	Marionette	INFO	Listening on port 52316
1593868744299	Marionette	WARN	TLS certificate errors will be ignored for this session
JavaScript error: chrome://marionette/content/proxyconsole.error: Region.jsm: "Failed to fetch region" (new TypeError("NetworkError when attempting to fetch resource.", ""))
.js, line 287: NS_ERROR_NOT_INITIALIZED
1593868748094	Marionette	INFO	Stopped listening on port 52316

###!!! [Child][RunMessage] Error: Channel closing: too late to send/recv, messages will be lost


###!!! [Child][MessageChannel::SendAndWait] Error: Channel error: cannot send/recv

1593876623213	mozrunner::runner	INFO	Running command: "C:\\Program Files (x86)\\Mozilla Firefox\\firefox.exe" "-marionette" "-foreground" "-no-remote" "-profile" "C:\\Users\\jeuxx\\AppData\\Local\\Temp\\rust_mozprofilecTp6xT"
JavaScript error: resource://gre/modules/XULStore.jsm, line 66: Error: Can't find profile directory.
1593876625618	Marionette	INFO	Listening on port 50469
1593876625839	Marionette	WARN	TLS certificate errors will be ignored for this session
JavaScript error: chrome://marionette/content/proxy.js, line 287: NS_ERROR_NOT_INITIALIZED
1593876627932	Marionette	INFO	Stopped listening on port 50469

###!!! [Child][RunMessage] Error: Channel closing: too late to send/recv, messages will be lost


###!!! [Child][MessageChannel::SendAndWait] Error: Channel error: cannot send/recv

1593876771584	mozrunner::runner	INFO	Running command: "C:\\Program Files (x86)\\Mozilla Firefox\\firefox.exe" "-marionette" "-foreground" "-no-remote" "-profile" "C:\\Users\\jeuxx\\AppData\\Local\\Temp\\rust_mozprofileP98Vy1"
JavaScript error: resource://gre/modules/XULStore.jsm, line 66: Error: Can't find profile directory.
1593876773957	Marionette	INFO	Listening on port 50544
1593876774211	Marionette	WARN	TLS certificate errors will be ignored for this session
JavaScript error: chrome://marionette/content/proxy.js, line 287: NS_ERROR_NOT_INITIALIZED
1593876775963	Marionette	INFO	Stopped listening on port 50544

###!!! [Child][RunMessage] Error: Channel closing: too late to send/recv, messages will be lost


###!!! [Child][MessageChannel::SendAndWait] Error: Channel error: cannot send/recv

1593878527812	mozrunner::runner	INFO	Running command: "C:\\Program Files (x86)\\Mozilla Firefox\\firefox.exe" "-marionette" "-foreground" "-no-remote" "-profile" "C:\\Users\\jeuxx\\AppData\\Local\\Temp\\rust_mozprofileHNf6Kh"
JavaScript error: resource://gre/modules/XULStore.jsm, line 66: Error: Can't find profile directory.
1593878530158	Marionette	INFO	Listening on port 51084
1593878530449	Marionette	WARN	TLS certificate errors will be ignored for this session
JavaScript error: chrome://marionette/content/proxy.js, line 287: NS_ERROR_NOT_INITIALIZED
1593878532030	Marionette	INFO	Stopped listening on port 51084

###!!! [Child][RunMessage] Error: Channel closing: too late to send/recv, messages will be lost


###!!! [Child][MessageChannel::SendAndWait] Error: Channel error: cannot send/recv

1593878615049	mozrunner::runner	INFO	Running command: "C:\\Program Files (x86)\\Mozilla Firefox\\firefox.exe" "-marionette" "-foreground" "-no-remote" "-profile" "C:\\Users\\jeuxx\\AppData\\Local\\Temp\\rust_mozprofileW5q7sg"
JavaScript error: resource://gre/modules/XULStore.jsm, line 66: Error: Can't find profile directory.
1593878617637	Marionette	INFO	Listening on port 51131
1593878617673	Marionette	WARN	TLS certificate errors will be ignored for this session
JavaScript error: chrome://marionette/content/proxy.js, line 287: NS_ERROR_NOT_INITIALIZED
1593878621297	Marionette	INFO	Stopped listening on port 51131

###!!! [Child][RunMessage] Error: Channel closing: too late to send/recv, messages will be lost


###!!! [Child][MessageChannel::SendAndWait] Error: Channel error: cannot send/recv

1593879650648	mozrunner::runner	INFO	Running command: "C:\\Program Files (x86)\\Mozilla Firefox\\firefox.exe" "-marionette" "-foreground" "-no-remote" "-profile" "C:\\Users\\jeuxx\\AppData\\Local\\Temp\\rust_mozprofile21vB5K"
JavaScript error: resource://gre/modules/XULStore.jsm, line 66: Error: Can't find profile directory.
1593879653865	Marionette	INFO	Listening on port 51430
1593879654294	Marionette	WARN	TLS certificate errors will be ignored for this session
1593879665074	Marionette	INFO	Stopped listening on port 51430

###!!! [Child][RunMessage] Error: Channel closing: too late to send/recv, messages will be lost


###!!! [Child][MessageChannel::SendAndWait] Error: Channel error: cannot send/recv

1593883040718	mozrunner::runner	INFO	Running command: "C:\\Program Files (x86)\\Mozilla Firefox\\firefox.exe" "-marionette" "-foreground" "-no-remote" "-profile" "C:\\Users\\jeuxx\\AppData\\Local\\Temp\\rust_mozprofile1AoMAa"
JavaScript error: resource://gre/modules/XULStore.jsm, line 66: Error: Can't find profile directory.
1593883044401	Marionette	INFO	Listening on port 49961
1593883044880	Marionette	WARN	TLS certificate errors will be ignored for this session
1593883055703	Marionette	INFO	Stopped listening on port 49961

###!!! [Child][RunMessage] Error: Channel closing: too late to send/recv, messages will be lost


###!!! [Child][MessageChannel::SendAndWait] Error: Channel error: cannot send/recv

1593883073273	mozrunner::runner	INFO	Running command: "C:\\Program Files (x86)\\Mozilla Firefox\\firefox.exe" "-marionette" "-foreground" "-no-remote" "-profile" "C:\\Users\\jeuxx\\AppData\\Local\\Temp\\rust_mozprofileuKyruB"
JavaScript error: resource://gre/modules/XULStore.jsm, line 66: Error: Can't find profile directory.
1593883075661	Marionette	INFO	Listening on port 50014
1593883075923	Marionette	WARN	TLS certificate errors will be ignored for this session
1593883087166	Marionette	INFO	Stopped listening on port 50014

###!!! [Child][RunMessage] Error: Channel closing: too late to send/recv, messages will be lost


###!!! [Child][MessageChannel::SendAndWait] Error: Channel error: cannot send/recv

1594228429031	mozrunner::runner	INFO	Running command: "C:\\Program Files (x86)\\Mozilla Firefox\\firefox.exe" "-marionette" "-foreground" "-no-remote" "-profile" "C:\\Users\\jeuxx\\AppData\\Local\\Temp\\rust_mozprofile1N1pYx"
JavaScript error: resource://gre/modules/XULStore.jsm, line 66: Error: Can't find profile directory.
1594228432611	Marionette	INFO	Listening on port 52533
1594228432658	Marionette	WARN	TLS certificate errors will be ignored for this session
1594228442440	Marionette	INFO	Stopped listening on port 52533

###!!! [Child][RunMessage] Error: Channel closing: too late to send/recv, messages will be lost


###!!! [Child][MessageChannel::SendAndWait] Error: Channel error: cannot send/recv

1594228502745	mozrunner::runner	INFO	Running command: "C:\\Program Files (x86)\\Mozilla Firefox\\firefox.exe" "-marionette" "-foreground" "-no-remote" "-profile" "C:\\Users\\jeuxx\\AppData\\Local\\Temp\\rust_mozprofilekKA55i"
JavaScript error: resource://gre/modules/XULStore.jsm, line 66: Error: Can't find profile directory.
1594228505060	Marionette	INFO	Listening on port 52618
1594228505356	Marionette	WARN	TLS certificate errors will be ignored for this session
1594228507043	Marionette	INFO	Stopped listening on port 52618

###!!! [Child][RunMessage] Error: Channel closing: too late to send/recv, messages will be lost


###!!! [Child][MessageChannel::SendAndWait] Error: Channel error: cannot send/recv

1594473718572	mozrunner::runner	INFO	Running command: "C:\\Program Files (x86)\\Mozilla Firefox\\firefox.exe" "-marionette" "-foreground" "-no-remote" "-profile" "C:\\Users\\jeuxx\\AppData\\Local\\Temp\\rust_mozprofile54Z8ZM"
JavaScript error: resource://gre/modules/XULStore.jsm, line 66: Error: Can't find profile directory.
1594473721134	Marionette	INFO	Listening on port 60270
1594473721201	Marionette	WARN	TLS certificate errors will be ignored for this session

###!!! [Child][RunMessage] Error: Channel closing: too late to send/recv, messages will be lost

1594473721998	Marionette	INFO	Stopped listening on port 60270

###!!! [Child][RunMessage] Error: Channel closing: too late to send/recv, messages will be lost


###!!! [Child][MessageChannel::SendAndWait] Error: Channel error: cannot send/recv

1594473802799	mozrunner::runner	INFO	Running command: "C:\\Program Files (x86)\\Mozilla Firefox\\firefox.exe" "-marionette" "-foreground" "-no-remote" "-profile" "C:\\Users\\jeuxx\\AppData\\Local\\Temp\\rust_mozprofileF0jiks"
JavaScript error: resource://gre/modules/XULStore.jsm, line 66: Error: Can't find profile directory.
1594473805268	Marionette	INFO	Listening on port 60336
1594473805462	Marionette	WARN	TLS certificate errors will be ignored for this session
console.error: services.settings: 
  main/cfr-fxa Signature failed  TypeError: NetworkError when attempting to fetch resource.
console.error: services.settings: 
  main/messaging-experiments Signature failed  TypeError: NetworkError when attempting to fetch resource.
console.error: Region.jsm: "Failed to fetch region" (new TypeError("NetworkError when attempting to fetch resource.", ""))
1594473805684	Marionette	INFO	Stopped listening on port 60336

###!!! [Child][RunMessage] Error: Channel closing: too late to send/recv, messages will be lost


###!!! [Child][MessageChannel::SendAndWait] Error: Channel error: cannot send/recv

1596028900974	mozrunner::runner	INFO	Running command: "C:\\Program Files (x86)\\Mozilla Firefox\\firefox.exe" "-marionette" "-foreground" "-no-remote" "-profile" "C:\\Users\\jeuxx\\AppData\\Local\\Temp\\rust_mozprofileNcEdtA"
JavaScript error: resource://gre/modules/XULStore.jsm, line 66: Error: Can't find profile directory.
1596028903472	Marionette	INFO	Listening on port 50955
1596028903586	Marionette	WARN	TLS certificate errors will be ignored for this session
1596028908049	Marionette	INFO	Stopped listening on port 50955

###!!! [Child][RunMessage] Error: Channel closing: too late to send/recv, messages will be lost


###!!! [Child][MessageChannel::SendAndWait] Error: Channel error: cannot send/recv

1596029307342	mozrunner::runner	INFO	Running command: "C:\\Program Files (x86)\\Mozilla Firefox\\firefox.exe" "-marionette" "-foreground" "-no-remote" "-profile" "C:\\Users\\jeuxx\\AppData\\Local\\Temp\\rust_mozprofile0KDh17"
JavaScript error: resource://gre/modules/XULStore.jsm, line 66: Error: Can't find profile directory.
1596029309831	Marionette	INFO	Listening on port 51100
1596029309967	Marionette	WARN	TLS certificate errors will be ignored for this session
1596029314453	Marionette	INFO	Stopped listening on port 51100

###!!! [Child][RunMessage] Error: Channel closing: too late to send/recv, messages will be lost


###!!! [Child][MessageChannel::SendAndWait] Error: Channel error: cannot send/recv

1596029393972	mozrunner::runner	INFO	Running command: "C:\\Program Files (x86)\\Mozilla Firefox\\firefox.exe" "-marionette" "-foreground" "-no-remote" "-profile" "C:\\Users\\jeuxx\\AppData\\Local\\Temp\\rust_mozprofileRvohgO"
JavaScript error: resource://gre/modules/XULStore.jsm, line 66: Error: Can't find profile directory.
1596029396531	Marionette	INFO	Listening on port 51171
1596029396599	Marionette	WARN	TLS certificate errors will be ignored for this session
1596029409947	Marionette	INFO	Stopped listening on port 51171

###!!! [Child][RunMessage] Error: Channel closing: too late to send/recv, messages will be lost


###!!! [Child][MessageChannel::SendAndWait] Error: Channel error: cannot send/recv

1596029441843	mozrunner::runner	INFO	Running command: "C:\\Program Files (x86)\\Mozilla Firefox\\firefox.exe" "-marionette" "-foreground" "-no-remote" "-profile" "C:\\Users\\jeuxx\\AppData\\Local\\Temp\\rust_mozprofileQahB2p"
JavaScript error: resource://gre/modules/XULStore.jsm, line 66: Error: Can't find profile directory.
1596029444212	Marionette	INFO	Listening on port 51241
1596029444461	Marionette	WARN	TLS certificate errors will be ignored for this session
1596029452979	Marionette	INFO	Stopped listening on port 51241

###!!! [Child][RunMessage] Error: Channel closing: too late to send/recv, messages will be lost


###!!! [Child][MessageChannel::SendAndWait] Error: Channel error: cannot send/recv

1596029675588	mozrunner::runner	INFO	Running command: "C:\\Program Files (x86)\\Mozilla Firefox\\firefox.exe" "-marionette" "-foreground" "-no-remote" "-profile" "C:\\Users\\jeuxx\\AppData\\Local\\Temp\\rust_mozprofileBrnzi5"
JavaScript error: resource://gre/modules/XULStore.jsm, line 66: Error: Can't find profile directory.
1596029678032	Marionette	INFO	Listening on port 51345
1596029678202	Marionette	WARN	TLS certificate errors will be ignored for this session
1596029689386	Marionette	INFO	Stopped listening on port 51345

###!!! [Child][RunMessage] Error: Channel closing: too late to send/recv, messages will be lost


###!!! [Child][MessageChannel::SendAndWait] Error: Channel error: cannot send/recv

1596029693334	mozrunner::runner	INFO	Running command: "C:\\Program Files (x86)\\Mozilla Firefox\\firefox.exe" "-marionette" "-foreground" "-no-remote" "-profile" "C:\\Users\\jeuxx\\AppData\\Local\\Temp\\rust_mozprofile6flh08"
JavaScript error: resource://gre/modules/XULStore.jsm, line 66: Error: Can't find profile directory.
1596029695687	Marionette	INFO	Listening on port 51408
1596029695952	Marionette	WARN	TLS certificate errors will be ignored for this session
1596029702694	Marionette	INFO	Stopped listening on port 51408

###!!! [Child][RunMessage] Error: Channel closing: too late to send/recv, messages will be lost


###!!! [Child][MessageChannel::SendAndWait] Error: Channel error: cannot send/recv

1596029771170	mozrunner::runner	INFO	Running command: "C:\\Program Files (x86)\\Mozilla Firefox\\firefox.exe" "-marionette" "-foreground" "-no-remote" "-profile" "C:\\Users\\jeuxx\\AppData\\Local\\Temp\\rust_mozprofilezYtGdu"
JavaScript error: resource://gre/modules/XULStore.jsm, line 66: Error: Can't find profile directory.
1596029773789	Marionette	INFO	Listening on port 51492
1596029774281	Marionette	WARN	TLS certificate errors will be ignored for this session
1596029787815	Marionette	INFO	Stopped listening on port 51492

###!!! [Child][RunMessage] Error: Channel closing: too late to send/recv, messages will be lost


###!!! [Child][MessageChannel::SendAndWait] Error: Channel error: cannot send/recv

1596029792089	mozrunner::runner	INFO	Running command: "C:\\Program Files (x86)\\Mozilla Firefox\\firefox.exe" "-marionette" "-foreground" "-no-remote" "-profile" "C:\\Users\\jeuxx\\AppData\\Local\\Temp\\rust_mozprofilesakBoW"
JavaScript error: resource://gre/modules/XULStore.jsm, line 66: Error: Can't find profile directory.
1596029794496	Marionette	INFO	Listening on port 51597
1596029794706	Marionette	WARN	TLS certificate errors will be ignored for this session
1596029803321	Marionette	INFO	Stopped listening on port 51597

###!!! [Child][RunMessage] Error: Channel closing: too late to send/recv, messages will be lost


###!!! [Child][MessageChannel::SendAndWait] Error: Channel error: cannot send/recv

1596030632671	mozrunner::runner	INFO	Running command: "C:\\Program Files (x86)\\Mozilla Firefox\\firefox.exe" "-marionette" "-foreground" "-no-remote" "-profile" "C:\\Users\\jeuxx\\AppData\\Local\\Temp\\rust_mozprofileJk4m4v"
JavaScript error: resource://gre/modules/XULStore.jsm, line 66: Error: Can't find profile directory.
1596030635025	Marionette	INFO	Listening on port 51886
1596030635287	Marionette	WARN	TLS certificate errors will be ignored for this session

###!!! [Child][RunMessage] Error: Channel closing: too late to send/recv, messages will be lost

1596030724469	Marionette	INFO	Stopped listening on port 51886

###!!! [Child][RunMessage] Error: Channel closing: too late to send/recv, messages will be lost


###!!! [Child][MessageChannel::SendAndWait] Error: Channel error: cannot send/recv

INFO	Listening on port 51926
1596030641054	Marionette	WARN	TLS certificate errors will be ignored for this session
1596030721780	Marionette	INFO	Stopped listening on port 51926

###!!! [Child][RunMessage] Error: Channel closing: too late to send/recv, messages will be lost


###!!! [Child][MessageChannel::SendAndWait] Error: Channel error: cannot send/recv

1596030742176	mozrunner::runner	INFO	Running command: "C:\\Program Files (x86)\\Mozilla Firefox\\firefox.exe" "-marionette" "-foreground" "-no-remote" "-profile" "C:\\Users\\jeuxx\\AppData\\Local\\Temp\\rust_mozprofileCJNorq"
JavaScript error: resource://gre/modules/XULStore.jsm, line 66: Error: Can't find profile directory.
1596030744583	Marionette	INFO	Listening on port 51984
1596030744789	Marionette	WARN	TLS certificate errors will be ignored for this session
1596030758292	Marionette	INFO	Stopped listening on port 51984

###!!! [Child][RunMessage] Error: Channel closing: too late to send/recv, messages will be lost


###!!! [Child][MessageChannel::SendAndWait] Error: Channel error: cannot send/recv

1596030762252	mozrunner::runner	INFO	Running command: "C:\\Program Files (x86)\\Mozilla Firefox\\firefox.exe" "-marionette" "-foreground" "-no-remote" "-profile" "C:\\Users\\jeuxx\\AppData\\Local\\Temp\\rust_mozprofilehTBqeA"
JavaScript error: resource://gre/modules/XULStore.jsm, line 66: Error: Can't find profile directory.
1596030764621	Marionette	INFO	Listening on port 52050
1596030764865	Marionette	WARN	TLS certificate errors will be ignored for this session
1596030774022	Marionette	INFO	Stopped listening on port 52050

###!!! [Child][RunMessage] Error: Channel closing: too late to send/recv, messages will be lost


###!!! [Child][MessageChannel::SendAndWait] Error: Channel error: cannot send/recv

1596030812888	mozrunner::runner	INFO	Running command: "C:\\Program Files (x86)\\Mozilla Firefox\\firefox.exe" "-marionette" "-foreground" "-no-remote" "-profile" "C:\\Users\\jeuxx\\AppData\\Local\\Temp\\rust_mozprofilezh2nVG"
JavaScript error: resource://gre/modules/XULStore.jsm, line 66: Error: Can't find profile directory.
1596030815160	Marionette	INFO	Listening on port 52127
1596030815512	Marionette	WARN	TLS certificate errors will be ignored for this session
1596030828656	Marionette	INFO	Stopped listening on port 52127
JavaScript error: resource://gre/modules/UrlClassifierListManager.jsm, line 691: TypeError: this.tablesData[table] is undefined

###!!! [Child][RunMessage] Error: Channel closing: too late to send/recv, messages will be lost


###!!! [Child][MessageChannel::SendAndWait] Error: Channel error: cannot send/recv

1596030832599	mozrunner::runner	INFO	Running command: "C:\\Program Files (x86)\\Mozilla Firefox\\firefox.exe" "-marionette" "-foreground" "-no-remote" "-profile" "C:\\Users\\jeuxx\\AppData\\Local\\Temp\\rust_mozprofiletXE11N"
JavaScript error: resource://gre/modules/XULStore.jsm, line 66: Error: Can't find profile directory.
1596030835029	Marionette	INFO	Listening on port 52192
1596030835213	Marionette	WARN	TLS certificate errors will be ignored for this session
1596030842939	Marionette	INFO	Stopped listening on port 52192

###!!! [Child][MessageChannel::SendAndWait] Error: Channel error: cannot send/recv

1596030876497	mozrunner::runner	INFO	Running command: "C:\\Program Files (x86)\\Mozilla Firefox\\firefox.exe" "-marionette" "-foreground" "-no-remote" "-profile" "C:\\Users\\jeuxx\\AppData\\Local\\Temp\\rust_mozprofileXnWeNW"
JavaScript error: resource://gre/modules/XULStore.jsm, line 66: Error: Can't find profile directory.
1596030878833	Marionette	INFO	Listening on port 52261
1596030879112	Marionette	WARN	TLS certificate errors will be ignored for this session
1596030892317	Marionette	INFO	Stopped listening on port 52261

###!!! [Child][RunMessage] Error: Channel closing: too late to send/recv, messages will be lost


###!!! [Child][MessageChannel::SendAndWait] Error: Channel error: cannot send/recv

1596030896296	mozrunner::runner	INFO	Running command: "C:\\Program Files (x86)\\Mozilla Firefox\\firefox.exe" "-marionette" "-foreground" "-no-remote" "-profile" "C:\\Users\\jeuxx\\AppData\\Local\\Temp\\rust_mozprofileHvQJul"
JavaScript error: resource://gre/modules/XULStore.jsm, line 66: Error: Can't find profile directory.
1596030898536	Marionette	INFO	Listening on port 52329
1596030898914	Marionette	WARN	TLS certificate errors will be ignored for this session
JavaScript error: http://127.0.0.1:8000/static/autocomplete/simple_autocomplete.js, line 18: SyntaxError: JSON.parse: unexpected end of data at line 1 column 1 of the JSON data
1596030907849	Marionette	INFO	Stopped listening on port 52329

###!!! [Child][RunMessage] Error: Channel closing: too late to send/recv, messages will be lost


###!!! [Child][MessageChannel::SendAndWait] Error: Channel error: cannot send/recv

1596031018566	mozrunner::runner	INFO	Running command: "C:\\Program Files (x86)\\Mozilla Firefox\\firefox.exe" "-marionette" "-foreground" "-no-remote" "-profile" "C:\\Users\\jeuxx\\AppData\\Local\\Temp\\rust_mozprofilenz0rmL"
JavaScript error: resource://gre/modules/XULStore.jsm, line 66: Error: Can't find profile directory.
1596031021060	Marionette	INFO	Listening on port 52418
1596031021177	Marionette	WARN	TLS certificate errors will be ignored for this session
JavaScript error: http://127.0.0.1:8000/static/autocomplete/simple_autocomplete.js, line 18: SyntaxError: JSON.parse: unexpected end of data at line 1 column 1 of the JSON data
JavaScript error: http://127.0.0.1:8000/static/autocomplete/simple_autocomplete.js, line 18: SyntaxError: JSON.parse: unexpected end of data at line 1 column 1 of the JSON data
JavaScript error: http://127.0.0.1:8000/static/autocomplete/simple_autocomplete.js, line 18: SyntaxError: JSON.parse: unexpected end of data at line 1 column 1 of the JSON data
JavaScript error: http://127.0.0.1:8000/static/autocomplete/simple_autocomplete.js, line 18: SyntaxError: JSON.parse: unexpected end of data at line 1 column 1 of the JSON data
1596031028309	Marionette	INFO	Stopped listening on port 52418

###!!! [Child][RunMessage] Error: Channel closing: too late to send/recv, messages will be lost


###!!! [Child][RunMessage] Error: Channel closing: too late to send/recv, messages will be lost


###!!! [Child][RunMessage] Error: Channel closing: too late to send/recv, messages will be lost


###!!! [Child][RunMessage] Error: Channel closing: too late to send/recv, messages will be lost


###!!! [Child][MessageChannel::SendAndWait] Error: Channel error: cannot send/recv

1596031172528	mozrunner::runner	INFO	Running command: "C:\\Program Files (x86)\\Mozilla Firefox\\firefox.exe" "-marionette" "-foreground" "-no-remote" "-profile" "C:\\Users\\jeuxx\\AppData\\Local\\Temp\\rust_mozprofile3x1x2N"
JavaScript error: resource://gre/modules/XULStore.jsm, line 66: Error: Can't find profile directory.
1596031174835	Marionette	INFO	Listening on port 52507
1596031175140	Marionette	WARN	TLS certificate errors will be ignored for this session
1596031182306	Marionette	INFO	Stopped listening on port 52507

###!!! [Child][RunMessage] Error: Channel closing: too late to send/recv, messages will be lost


###!!! [Child][MessageChannel::SendAndWait] Error: Channel error: cannot send/recv

